<?xml version="1.0" encoding="UTF-8"?>
<!-- Generated by org.testng.reporters.JUnitXMLReporter -->
<testsuite ignored="0" hostname="DESKTOP-19DR9QG" failures="1" tests="2" name="Test" time="18.629" errors="0" timestamp="01 Apr 2022 15:27:58 GMT">
  <testcase classname="com.instacart.test.HomePageTest" name="verifyAddress" time="2.879">
    <failure type="java.lang.AssertionError" message="expected current address doesnot match the actual expected [33 Dunfield Avenue, Toronto, ON M4S0B6] but found [33 Dunfield Avenue, Toronto, ON M4S0B7]">
      <![CDATA[java.lang.AssertionError: expected current address doesnot match the actual expected [33 Dunfield Avenue, Toronto, ON M4S0B6] but found [33 Dunfield Avenue, Toronto, ON M4S0B7]
at com.instacart.test.HomePageTest.verifyAddress(HomePageTest.java:57)
... Removed 30 stack frames]]>
    </failure>
  </testcase> <!-- verifyAddress -->
  <testcase classname="com.instacart.test.HomePageTest" name="verifyStoreName" time="1.179"/>
</testsuite> <!-- Test -->
